2013-05-24 20:05:16,391 [Worker-2] INFO  o.e.m.c.i.i.nexus.NexusIndexManager - Updating index for repository: central|http://repo.maven.apache.org/maven2
2013-05-24 20:05:16,623 [Worker-2] INFO  c.n.h.c.p.n.NettyAsyncHttpProvider - Number of application's worked threads is 8
2013-05-24 20:05:32,009 [Worker-2] INFO  o.e.m.c.i.i.nexus.NexusIndexManager - Updated index for repository: central|http://repo.maven.apache.org/maven2 in 15701 ms
2013-05-24 20:06:22,004 [Worker-4] INFO  o.e.m.c.i.p.ProjectConfigurationManager - Collecting project info '/pom.xml' /Users/adityachaudhary/Github/gitrepository/white/pom.xml
2013-05-24 20:06:25,521 [Worker-4] INFO  o.e.m.c.i.l.LifecycleMappingFactory - Using org.maven.ide.eclipse.wtp.WarLifecycleMapping lifecycle mapping for MavenProject: snow:white:0.0.1-SNAPSHOT @ /Users/adityachaudhary/Github/gitrepository/white/pom.xml.
2013-05-24 20:06:26,953 [Worker-4] INFO  o.e.m.j.i.AbstractJavaProjectConfigurator - Adding source folder /white/src/main/java
2013-05-24 20:06:26,954 [Worker-4] INFO  o.e.m.j.i.AbstractJavaProjectConfigurator - Adding resource folder /white/src/main/resources
2013-05-24 20:06:26,955 [Worker-4] INFO  o.e.m.j.i.AbstractJavaProjectConfigurator - Adding source folder /white/src/test/java
2013-05-24 20:06:26,955 [Worker-4] INFO  o.e.m.j.i.AbstractJavaProjectConfigurator - Adding resource folder /white/src/test/resources
2013-05-24 20:06:27,009 [Worker-2] INFO  o.e.m.c.i.l.LifecycleMappingFactory - Using org.maven.ide.eclipse.wtp.WarLifecycleMapping lifecycle mapping for MavenProject: snow:white:0.0.1-SNAPSHOT @ /Users/adityachaudhary/Github/gitrepository/white/pom.xml.
2013-05-24 20:06:34,528 [Worker-6] INFO  o.e.m.c.i.l.LifecycleMappingFactory - Using org.maven.ide.eclipse.wtp.WarLifecycleMapping lifecycle mapping for MavenProject: snow:white:0.0.1-SNAPSHOT @ /Users/adityachaudhary/Github/gitrepository/white/pom.xml.
2013-05-24 20:06:34,811 [Worker-6] WARN  o.e.m.c.i.embedder.EclipseLogger - Using platform encoding (MacRoman actually) to copy filtered resources, i.e. build is platform dependent!
2013-05-24 20:06:34,815 [Worker-6] INFO  o.e.m.c.i.embedder.EclipseLogger - Copying 4 resources
2013-05-24 20:06:34,826 [Worker-6] WARN  o.e.m.c.i.embedder.EclipseLogger - Using platform encoding (MacRoman actually) to copy filtered resources, i.e. build is platform dependent!
2013-05-24 20:06:34,827 [Worker-6] INFO  o.e.m.c.i.embedder.EclipseLogger - Copying 3 resources
2013-05-24 20:07:48,919 [Worker-8] INFO  o.e.m.c.i.p.ProjectConfigurationManager - Collecting project info '/pom.xml' /Users/adityachaudhary/Github/gitrepository/snow/pom.xml
2013-05-24 20:07:49,300 [Worker-8] INFO  o.e.m.c.i.l.LifecycleMappingFactory - Using org.maven.ide.eclipse.wtp.WarLifecycleMapping lifecycle mapping for MavenProject: white:snow:0.0.1-SNAPSHOT @ /Users/adityachaudhary/Github/gitrepository/snow/pom.xml.
2013-05-24 20:07:49,438 [Worker-8] INFO  o.e.m.j.i.AbstractJavaProjectConfigurator - Adding source folder /snow/src/main/java
2013-05-24 20:07:49,438 [Worker-8] INFO  o.e.m.j.i.AbstractJavaProjectConfigurator - Adding resource folder /snow/src/main/resources
2013-05-24 20:07:49,439 [Worker-8] INFO  o.e.m.j.i.AbstractJavaProjectConfigurator - Adding source folder /snow/src/test/java
2013-05-24 20:07:49,439 [Worker-8] INFO  o.e.m.j.i.AbstractJavaProjectConfigurator - Adding resource folder /snow/src/test/resources
2013-05-24 20:07:50,747 [Worker-8] INFO  o.e.m.c.i.p.ProjectConfigurationManager - Project import completed 1 sec
2013-05-24 20:07:51,731 [Worker-7] INFO  o.e.m.c.i.l.LifecycleMappingFactory - Using org.maven.ide.eclipse.wtp.WarLifecycleMapping lifecycle mapping for MavenProject: white:snow:0.0.1-SNAPSHOT @ /Users/adityachaudhary/Github/gitrepository/snow/pom.xml.
2013-05-24 20:07:53,287 [Worker-7] WARN  o.e.m.c.i.embedder.EclipseLogger - Using platform encoding (MacRoman actually) to copy filtered resources, i.e. build is platform dependent!
2013-05-24 20:07:53,290 [Worker-7] INFO  o.e.m.c.i.embedder.EclipseLogger - Copying 4 resources
2013-05-24 20:07:53,294 [Worker-7] WARN  o.e.m.c.i.embedder.EclipseLogger - Using platform encoding (MacRoman actually) to copy filtered resources, i.e. build is platform dependent!
2013-05-24 20:07:53,295 [Worker-7] INFO  o.e.m.c.i.embedder.EclipseLogger - Copying 3 resources
2013-05-24 20:07:53,888 [Worker-1] INFO  o.e.m.c.i.l.LifecycleMappingFactory - Using org.maven.ide.eclipse.wtp.WarLifecycleMapping lifecycle mapping for MavenProject: white:snow:0.0.1-SNAPSHOT @ /Users/adityachaudhary/Github/gitrepository/snow/pom.xml.
2013-05-24 20:07:57,403 [Worker-7] WARN  o.e.m.c.i.embedder.EclipseLogger - Using platform encoding (MacRoman actually) to copy filtered resources, i.e. build is platform dependent!
2013-05-24 20:07:57,423 [Worker-7] INFO  o.e.m.c.i.embedder.EclipseLogger - Copying 0 resource
2013-05-24 20:07:57,425 [Worker-7] WARN  o.e.m.c.i.embedder.EclipseLogger - Using platform encoding (MacRoman actually) to copy filtered resources, i.e. build is platform dependent!
2013-05-24 20:07:57,425 [Worker-7] INFO  o.e.m.c.i.embedder.EclipseLogger - Copying 0 resource
